<?xml version="1.0" encoding="UTF-8"?>
<!-- Generated by org.testng.reporters.JUnitReportReporter -->
<testsuite hostname="shri-PC" name="test1._02CreatNewLeadTest" tests="1" failures="0" timestamp="20 Nov 2020 08:21:58 GMT" time="44.459" errors="0">
  <testcase name="creatlead" time="44.459" classname="test1._02CreatNewLeadTest"/>
</testsuite> <!-- test1._02CreatNewLeadTest -->
